2020-11-28 18:15:26,219 INFO 75625 [Timer] /Users/lero/Documents/My-data/BLOG/blog_service/node_modules/egg-multipart/app/schedule/clean_tmpdir.js next time will execute after 36873783ms at 2020-11-29 04:30:00.002
2020-11-28 18:15:26,220 INFO 75625 [Timer] /Users/lero/Documents/My-data/BLOG/blog_service/node_modules/egg-logrotator/app/schedule/clean_log.js next time will execute after 20673780ms at 2020-11-29 00:00:00.000
2020-11-28 18:15:26,220 INFO 75625 [Timer] /Users/lero/Documents/My-data/BLOG/blog_service/node_modules/egg-logrotator/app/schedule/rotate_by_file.js next time will execute after 20674780ms at 2020-11-29 00:00:01.000
2020-11-28 18:15:26,097 INFO 75635 [egg-schedule]: register schedule /Users/lero/Documents/My-data/BLOG/blog_service/node_modules/egg-multipart/app/schedule/clean_tmpdir.js
2020-11-28 18:15:26,097 INFO 75635 [egg-schedule]: register schedule /Users/lero/Documents/My-data/BLOG/blog_service/node_modules/egg-logrotator/app/schedule/clean_log.js
2020-11-28 18:15:26,097 INFO 75635 [egg-schedule]: register schedule /Users/lero/Documents/My-data/BLOG/blog_service/node_modules/egg-logrotator/app/schedule/rotate_by_file.js
2020-12-14 19:55:24,962 INFO 22831 [egg-schedule]: register schedule /Users/lero/Documents/My-data/BLOG/blog_service/node_modules/egg-multipart/app/schedule/clean_tmpdir.js
2020-12-14 19:55:24,962 INFO 22831 [egg-schedule]: register schedule /Users/lero/Documents/My-data/BLOG/blog_service/node_modules/egg-logrotator/app/schedule/clean_log.js
2020-12-14 19:55:24,962 INFO 22831 [egg-schedule]: register schedule /Users/lero/Documents/My-data/BLOG/blog_service/node_modules/egg-logrotator/app/schedule/rotate_by_file.js
2020-12-14 19:55:25,094 INFO 22828 [Timer] /Users/lero/Documents/My-data/BLOG/blog_service/node_modules/egg-multipart/app/schedule/clean_tmpdir.js next time will execute after 30874908ms at 2020-12-15 04:30:00.002
2020-12-14 19:55:25,094 INFO 22828 [Timer] /Users/lero/Documents/My-data/BLOG/blog_service/node_modules/egg-logrotator/app/schedule/clean_log.js next time will execute after 14674906ms at 2020-12-15 00:00:00.000
2020-12-14 19:55:25,094 INFO 22828 [Timer] /Users/lero/Documents/My-data/BLOG/blog_service/node_modules/egg-logrotator/app/schedule/rotate_by_file.js next time will execute after 14675906ms at 2020-12-15 00:00:01.000
2020-12-15 16:46:44,112 INFO 50205 [egg-schedule]: register schedule /Users/lero/Documents/My-data/BLOG/blog_service/node_modules/egg-multipart/app/schedule/clean_tmpdir.js
2020-12-15 16:46:44,112 INFO 50205 [egg-schedule]: register schedule /Users/lero/Documents/My-data/BLOG/blog_service/node_modules/egg-logrotator/app/schedule/clean_log.js
2020-12-15 16:46:44,112 INFO 50205 [egg-schedule]: register schedule /Users/lero/Documents/My-data/BLOG/blog_service/node_modules/egg-logrotator/app/schedule/rotate_by_file.js
2020-12-15 16:46:44,281 INFO 50200 [Timer] /Users/lero/Documents/My-data/BLOG/blog_service/node_modules/egg-multipart/app/schedule/clean_tmpdir.js next time will execute after 42195722ms at 2020-12-16 04:30:00.003
2020-12-15 16:46:44,281 INFO 50200 [Timer] /Users/lero/Documents/My-data/BLOG/blog_service/node_modules/egg-logrotator/app/schedule/clean_log.js next time will execute after 25995719ms at 2020-12-16 00:00:00.000
2020-12-15 16:46:44,281 INFO 50200 [Timer] /Users/lero/Documents/My-data/BLOG/blog_service/node_modules/egg-logrotator/app/schedule/rotate_by_file.js next time will execute after 25996719ms at 2020-12-16 00:00:01.000
2020-12-15 16:48:13,191 INFO 50513 [egg-schedule]: register schedule /Users/lero/Documents/My-data/BLOG/blog_service/node_modules/egg-multipart/app/schedule/clean_tmpdir.js
2020-12-15 16:48:13,191 INFO 50513 [egg-schedule]: register schedule /Users/lero/Documents/My-data/BLOG/blog_service/node_modules/egg-logrotator/app/schedule/clean_log.js
2020-12-15 16:48:13,191 INFO 50513 [egg-schedule]: register schedule /Users/lero/Documents/My-data/BLOG/blog_service/node_modules/egg-logrotator/app/schedule/rotate_by_file.js
2020-12-15 16:50:42,011 INFO 51009 [egg-schedule]: register schedule /Users/lero/Documents/My-data/BLOG/blog_service/node_modules/egg-multipart/app/schedule/clean_tmpdir.js
2020-12-15 16:50:42,011 INFO 51009 [egg-schedule]: register schedule /Users/lero/Documents/My-data/BLOG/blog_service/node_modules/egg-logrotator/app/schedule/clean_log.js
2020-12-15 16:50:42,011 INFO 51009 [egg-schedule]: register schedule /Users/lero/Documents/My-data/BLOG/blog_service/node_modules/egg-logrotator/app/schedule/rotate_by_file.js
2020-12-15 16:50:49,276 INFO 51038 [egg-schedule]: register schedule /Users/lero/Documents/My-data/BLOG/blog_service/node_modules/egg-multipart/app/schedule/clean_tmpdir.js
2020-12-15 16:50:49,276 INFO 51038 [egg-schedule]: register schedule /Users/lero/Documents/My-data/BLOG/blog_service/node_modules/egg-logrotator/app/schedule/clean_log.js
2020-12-15 16:50:49,276 INFO 51038 [egg-schedule]: register schedule /Users/lero/Documents/My-data/BLOG/blog_service/node_modules/egg-logrotator/app/schedule/rotate_by_file.js
2020-12-15 16:51:31,955 INFO 51174 [egg-schedule]: register schedule /Users/lero/Documents/My-data/BLOG/blog_service/node_modules/egg-multipart/app/schedule/clean_tmpdir.js
2020-12-15 16:51:31,955 INFO 51174 [egg-schedule]: register schedule /Users/lero/Documents/My-data/BLOG/blog_service/node_modules/egg-logrotator/app/schedule/clean_log.js
2020-12-15 16:51:31,955 INFO 51174 [egg-schedule]: register schedule /Users/lero/Documents/My-data/BLOG/blog_service/node_modules/egg-logrotator/app/schedule/rotate_by_file.js
2020-12-15 16:52:19,678 INFO 51409 [egg-schedule]: register schedule /Users/lero/Documents/My-data/BLOG/blog_service/node_modules/egg-multipart/app/schedule/clean_tmpdir.js
2020-12-15 16:52:19,678 INFO 51409 [egg-schedule]: register schedule /Users/lero/Documents/My-data/BLOG/blog_service/node_modules/egg-logrotator/app/schedule/clean_log.js
2020-12-15 16:52:19,678 INFO 51409 [egg-schedule]: register schedule /Users/lero/Documents/My-data/BLOG/blog_service/node_modules/egg-logrotator/app/schedule/rotate_by_file.js
2020-12-15 16:52:23,814 INFO 51428 [egg-schedule]: register schedule /Users/lero/Documents/My-data/BLOG/blog_service/node_modules/egg-multipart/app/schedule/clean_tmpdir.js
2020-12-15 16:52:23,814 INFO 51428 [egg-schedule]: register schedule /Users/lero/Documents/My-data/BLOG/blog_service/node_modules/egg-logrotator/app/schedule/clean_log.js
2020-12-15 16:52:23,814 INFO 51428 [egg-schedule]: register schedule /Users/lero/Documents/My-data/BLOG/blog_service/node_modules/egg-logrotator/app/schedule/rotate_by_file.js
2020-12-15 16:54:13,661 INFO 51674 [egg-schedule]: register schedule /Users/lero/Documents/My-data/BLOG/blog_service/node_modules/egg-multipart/app/schedule/clean_tmpdir.js
2020-12-15 16:54:13,661 INFO 51674 [egg-schedule]: register schedule /Users/lero/Documents/My-data/BLOG/blog_service/node_modules/egg-logrotator/app/schedule/clean_log.js
2020-12-15 16:54:13,661 INFO 51674 [egg-schedule]: register schedule /Users/lero/Documents/My-data/BLOG/blog_service/node_modules/egg-logrotator/app/schedule/rotate_by_file.js
2020-12-15 16:55:15,830 INFO 51923 [egg-schedule]: register schedule /Users/lero/Documents/My-data/BLOG/blog_service/node_modules/egg-multipart/app/schedule/clean_tmpdir.js
2020-12-15 16:55:15,830 INFO 51923 [egg-schedule]: register schedule /Users/lero/Documents/My-data/BLOG/blog_service/node_modules/egg-logrotator/app/schedule/clean_log.js
2020-12-15 16:55:15,830 INFO 51923 [egg-schedule]: register schedule /Users/lero/Documents/My-data/BLOG/blog_service/node_modules/egg-logrotator/app/schedule/rotate_by_file.js
2020-12-15 16:55:56,166 INFO 52023 [egg-schedule]: register schedule /Users/lero/Documents/My-data/BLOG/blog_service/node_modules/egg-multipart/app/schedule/clean_tmpdir.js
2020-12-15 16:55:56,166 INFO 52023 [egg-schedule]: register schedule /Users/lero/Documents/My-data/BLOG/blog_service/node_modules/egg-logrotator/app/schedule/clean_log.js
2020-12-15 16:55:56,166 INFO 52023 [egg-schedule]: register schedule /Users/lero/Documents/My-data/BLOG/blog_service/node_modules/egg-logrotator/app/schedule/rotate_by_file.js
2020-12-15 16:56:30,953 INFO 52120 [egg-schedule]: register schedule /Users/lero/Documents/My-data/BLOG/blog_service/node_modules/egg-multipart/app/schedule/clean_tmpdir.js
2020-12-15 16:56:30,953 INFO 52120 [egg-schedule]: register schedule /Users/lero/Documents/My-data/BLOG/blog_service/node_modules/egg-logrotator/app/schedule/clean_log.js
2020-12-15 16:56:30,953 INFO 52120 [egg-schedule]: register schedule /Users/lero/Documents/My-data/BLOG/blog_service/node_modules/egg-logrotator/app/schedule/rotate_by_file.js
2020-12-15 16:57:07,762 INFO 52242 [egg-schedule]: register schedule /Users/lero/Documents/My-data/BLOG/blog_service/node_modules/egg-multipart/app/schedule/clean_tmpdir.js
2020-12-15 16:57:07,762 INFO 52242 [egg-schedule]: register schedule /Users/lero/Documents/My-data/BLOG/blog_service/node_modules/egg-logrotator/app/schedule/clean_log.js
2020-12-15 16:57:07,763 INFO 52242 [egg-schedule]: register schedule /Users/lero/Documents/My-data/BLOG/blog_service/node_modules/egg-logrotator/app/schedule/rotate_by_file.js
2020-12-15 16:57:31,175 INFO 52306 [egg-schedule]: register schedule /Users/lero/Documents/My-data/BLOG/blog_service/node_modules/egg-multipart/app/schedule/clean_tmpdir.js
2020-12-15 16:57:31,175 INFO 52306 [egg-schedule]: register schedule /Users/lero/Documents/My-data/BLOG/blog_service/node_modules/egg-logrotator/app/schedule/clean_log.js
2020-12-15 16:57:31,175 INFO 52306 [egg-schedule]: register schedule /Users/lero/Documents/My-data/BLOG/blog_service/node_modules/egg-logrotator/app/schedule/rotate_by_file.js
2020-12-15 16:57:45,166 INFO 52373 [egg-schedule]: register schedule /Users/lero/Documents/My-data/BLOG/blog_service/node_modules/egg-multipart/app/schedule/clean_tmpdir.js
2020-12-15 16:57:45,166 INFO 52373 [egg-schedule]: register schedule /Users/lero/Documents/My-data/BLOG/blog_service/node_modules/egg-logrotator/app/schedule/clean_log.js
2020-12-15 16:57:45,166 INFO 52373 [egg-schedule]: register schedule /Users/lero/Documents/My-data/BLOG/blog_service/node_modules/egg-logrotator/app/schedule/rotate_by_file.js
2020-12-15 16:57:58,768 INFO 52395 [egg-schedule]: register schedule /Users/lero/Documents/My-data/BLOG/blog_service/node_modules/egg-multipart/app/schedule/clean_tmpdir.js
2020-12-15 16:57:58,768 INFO 52395 [egg-schedule]: register schedule /Users/lero/Documents/My-data/BLOG/blog_service/node_modules/egg-logrotator/app/schedule/clean_log.js
2020-12-15 16:57:58,768 INFO 52395 [egg-schedule]: register schedule /Users/lero/Documents/My-data/BLOG/blog_service/node_modules/egg-logrotator/app/schedule/rotate_by_file.js
2020-12-15 16:58:38,287 INFO 52504 [egg-schedule]: register schedule /Users/lero/Documents/My-data/BLOG/blog_service/node_modules/egg-multipart/app/schedule/clean_tmpdir.js
2020-12-15 16:58:38,287 INFO 52504 [egg-schedule]: register schedule /Users/lero/Documents/My-data/BLOG/blog_service/node_modules/egg-logrotator/app/schedule/clean_log.js
2020-12-15 16:58:38,287 INFO 52504 [egg-schedule]: register schedule /Users/lero/Documents/My-data/BLOG/blog_service/node_modules/egg-logrotator/app/schedule/rotate_by_file.js
2020-12-15 16:59:08,940 INFO 52570 [egg-schedule]: register schedule /Users/lero/Documents/My-data/BLOG/blog_service/node_modules/egg-multipart/app/schedule/clean_tmpdir.js
2020-12-15 16:59:08,940 INFO 52570 [egg-schedule]: register schedule /Users/lero/Documents/My-data/BLOG/blog_service/node_modules/egg-logrotator/app/schedule/clean_log.js
2020-12-15 16:59:08,940 INFO 52570 [egg-schedule]: register schedule /Users/lero/Documents/My-data/BLOG/blog_service/node_modules/egg-logrotator/app/schedule/rotate_by_file.js
2020-12-15 17:02:37,489 INFO 53194 [egg-schedule]: register schedule /Users/lero/Documents/My-data/BLOG/blog_service/node_modules/egg-multipart/app/schedule/clean_tmpdir.js
2020-12-15 17:02:37,489 INFO 53194 [egg-schedule]: register schedule /Users/lero/Documents/My-data/BLOG/blog_service/node_modules/egg-logrotator/app/schedule/clean_log.js
2020-12-15 17:02:37,489 INFO 53194 [egg-schedule]: register schedule /Users/lero/Documents/My-data/BLOG/blog_service/node_modules/egg-logrotator/app/schedule/rotate_by_file.js
2020-12-15 17:02:37,648 INFO 53192 [Timer] /Users/lero/Documents/My-data/BLOG/blog_service/node_modules/egg-multipart/app/schedule/clean_tmpdir.js next time will execute after 41242356ms at 2020-12-16 04:30:00.004
2020-12-15 17:02:37,649 INFO 53192 [Timer] /Users/lero/Documents/My-data/BLOG/blog_service/node_modules/egg-logrotator/app/schedule/clean_log.js next time will execute after 25042352ms at 2020-12-16 00:00:00.001
2020-12-15 17:02:37,649 INFO 53192 [Timer] /Users/lero/Documents/My-data/BLOG/blog_service/node_modules/egg-logrotator/app/schedule/rotate_by_file.js next time will execute after 25043351ms at 2020-12-16 00:00:01.000
2020-12-15 17:09:57,032 INFO 54275 [egg-schedule]: register schedule /Users/lero/Documents/My-data/BLOG/blog_service/node_modules/egg-multipart/app/schedule/clean_tmpdir.js
2020-12-15 17:09:57,032 INFO 54275 [egg-schedule]: register schedule /Users/lero/Documents/My-data/BLOG/blog_service/node_modules/egg-logrotator/app/schedule/clean_log.js
2020-12-15 17:09:57,033 INFO 54275 [egg-schedule]: register schedule /Users/lero/Documents/My-data/BLOG/blog_service/node_modules/egg-logrotator/app/schedule/rotate_by_file.js
2020-12-15 18:45:05,925 INFO 64750 [egg-schedule]: register schedule /Users/lero/Documents/My-data/BLOG/blog_service/node_modules/egg-multipart/app/schedule/clean_tmpdir.js
2020-12-15 18:45:05,925 INFO 64750 [egg-schedule]: register schedule /Users/lero/Documents/My-data/BLOG/blog_service/node_modules/egg-logrotator/app/schedule/clean_log.js
2020-12-15 18:45:05,925 INFO 64750 [egg-schedule]: register schedule /Users/lero/Documents/My-data/BLOG/blog_service/node_modules/egg-logrotator/app/schedule/rotate_by_file.js
2020-12-15 18:46:24,553 INFO 64927 [egg-schedule]: register schedule /Users/lero/Documents/My-data/BLOG/blog_service/node_modules/egg-multipart/app/schedule/clean_tmpdir.js
2020-12-15 18:46:24,553 INFO 64927 [egg-schedule]: register schedule /Users/lero/Documents/My-data/BLOG/blog_service/node_modules/egg-logrotator/app/schedule/clean_log.js
2020-12-15 18:46:24,553 INFO 64927 [egg-schedule]: register schedule /Users/lero/Documents/My-data/BLOG/blog_service/node_modules/egg-logrotator/app/schedule/rotate_by_file.js
2020-12-15 19:07:00,966 INFO 67661 [egg-schedule]: register schedule /Users/lero/Documents/My-data/BLOG/blog_service/node_modules/egg-multipart/app/schedule/clean_tmpdir.js
2020-12-15 19:07:00,966 INFO 67661 [egg-schedule]: register schedule /Users/lero/Documents/My-data/BLOG/blog_service/node_modules/egg-logrotator/app/schedule/clean_log.js
2020-12-15 19:07:00,966 INFO 67661 [egg-schedule]: register schedule /Users/lero/Documents/My-data/BLOG/blog_service/node_modules/egg-logrotator/app/schedule/rotate_by_file.js
2020-12-15 19:13:53,686 INFO 68637 [egg-schedule]: register schedule /Users/lero/Documents/My-data/BLOG/blog_service/node_modules/egg-multipart/app/schedule/clean_tmpdir.js
2020-12-15 19:13:53,686 INFO 68637 [egg-schedule]: register schedule /Users/lero/Documents/My-data/BLOG/blog_service/node_modules/egg-logrotator/app/schedule/clean_log.js
2020-12-15 19:13:53,686 INFO 68637 [egg-schedule]: register schedule /Users/lero/Documents/My-data/BLOG/blog_service/node_modules/egg-logrotator/app/schedule/rotate_by_file.js
2020-12-15 19:23:11,788 INFO 70224 [egg-schedule]: register schedule /Users/lero/Documents/My-data/BLOG/blog_service/node_modules/egg-multipart/app/schedule/clean_tmpdir.js
2020-12-15 19:23:11,788 INFO 70224 [egg-schedule]: register schedule /Users/lero/Documents/My-data/BLOG/blog_service/node_modules/egg-logrotator/app/schedule/clean_log.js
2020-12-15 19:23:11,788 INFO 70224 [egg-schedule]: register schedule /Users/lero/Documents/My-data/BLOG/blog_service/node_modules/egg-logrotator/app/schedule/rotate_by_file.js
2020-12-15 19:35:30,499 INFO 71909 [egg-schedule]: register schedule /Users/lero/Documents/My-data/BLOG/blog_service/node_modules/egg-multipart/app/schedule/clean_tmpdir.js
2020-12-15 19:35:30,499 INFO 71909 [egg-schedule]: register schedule /Users/lero/Documents/My-data/BLOG/blog_service/node_modules/egg-logrotator/app/schedule/clean_log.js
2020-12-15 19:35:30,499 INFO 71909 [egg-schedule]: register schedule /Users/lero/Documents/My-data/BLOG/blog_service/node_modules/egg-logrotator/app/schedule/rotate_by_file.js
2020-12-15 19:36:44,729 INFO 72116 [egg-schedule]: register schedule /Users/lero/Documents/My-data/BLOG/blog_service/node_modules/egg-multipart/app/schedule/clean_tmpdir.js
2020-12-15 19:36:44,729 INFO 72116 [egg-schedule]: register schedule /Users/lero/Documents/My-data/BLOG/blog_service/node_modules/egg-logrotator/app/schedule/clean_log.js
2020-12-15 19:36:44,729 INFO 72116 [egg-schedule]: register schedule /Users/lero/Documents/My-data/BLOG/blog_service/node_modules/egg-logrotator/app/schedule/rotate_by_file.js
2020-12-15 19:36:45,420 INFO 72114 [Timer] /Users/lero/Documents/My-data/BLOG/blog_service/node_modules/egg-multipart/app/schedule/clean_tmpdir.js next time will execute after 31994582ms at 2020-12-16 04:30:00.002
2020-12-15 19:36:45,421 INFO 72114 [Timer] /Users/lero/Documents/My-data/BLOG/blog_service/node_modules/egg-logrotator/app/schedule/clean_log.js next time will execute after 15794580ms at 2020-12-16 00:00:00.001
2020-12-15 19:36:45,421 INFO 72114 [Timer] /Users/lero/Documents/My-data/BLOG/blog_service/node_modules/egg-logrotator/app/schedule/rotate_by_file.js next time will execute after 15795579ms at 2020-12-16 00:00:01.000
2020-12-15 19:43:42,230 INFO 72960 [egg-schedule]: register schedule /Users/lero/Documents/My-data/BLOG/blog_service/node_modules/egg-multipart/app/schedule/clean_tmpdir.js
2020-12-15 19:43:42,230 INFO 72960 [egg-schedule]: register schedule /Users/lero/Documents/My-data/BLOG/blog_service/node_modules/egg-logrotator/app/schedule/clean_log.js
2020-12-15 19:43:42,230 INFO 72960 [egg-schedule]: register schedule /Users/lero/Documents/My-data/BLOG/blog_service/node_modules/egg-logrotator/app/schedule/rotate_by_file.js
2020-12-15 19:45:49,941 INFO 73206 [egg-schedule]: register schedule /Users/lero/Documents/My-data/BLOG/blog_service/node_modules/egg-multipart/app/schedule/clean_tmpdir.js
2020-12-15 19:45:49,941 INFO 73206 [egg-schedule]: register schedule /Users/lero/Documents/My-data/BLOG/blog_service/node_modules/egg-logrotator/app/schedule/clean_log.js
2020-12-15 19:45:49,941 INFO 73206 [egg-schedule]: register schedule /Users/lero/Documents/My-data/BLOG/blog_service/node_modules/egg-logrotator/app/schedule/rotate_by_file.js
2020-12-15 19:46:15,459 INFO 73311 [egg-schedule]: register schedule /Users/lero/Documents/My-data/BLOG/blog_service/node_modules/egg-multipart/app/schedule/clean_tmpdir.js
2020-12-15 19:46:15,459 INFO 73311 [egg-schedule]: register schedule /Users/lero/Documents/My-data/BLOG/blog_service/node_modules/egg-logrotator/app/schedule/clean_log.js
2020-12-15 19:46:15,459 INFO 73311 [egg-schedule]: register schedule /Users/lero/Documents/My-data/BLOG/blog_service/node_modules/egg-logrotator/app/schedule/rotate_by_file.js
2020-12-15 19:46:16,092 INFO 73309 [Timer] /Users/lero/Documents/My-data/BLOG/blog_service/node_modules/egg-multipart/app/schedule/clean_tmpdir.js next time will execute after 31423910ms at 2020-12-16 04:30:00.002
2020-12-15 19:46:16,092 INFO 73309 [Timer] /Users/lero/Documents/My-data/BLOG/blog_service/node_modules/egg-logrotator/app/schedule/clean_log.js next time will execute after 15223908ms at 2020-12-16 00:00:00.000
2020-12-15 19:46:16,092 INFO 73309 [Timer] /Users/lero/Documents/My-data/BLOG/blog_service/node_modules/egg-logrotator/app/schedule/rotate_by_file.js next time will execute after 15224908ms at 2020-12-16 00:00:01.000
2020-12-15 20:06:10,920 INFO 75153 [egg-schedule]: register schedule /Users/lero/Documents/My-data/BLOG/blog_service/node_modules/egg-multipart/app/schedule/clean_tmpdir.js
2020-12-15 20:06:10,920 INFO 75153 [egg-schedule]: register schedule /Users/lero/Documents/My-data/BLOG/blog_service/node_modules/egg-logrotator/app/schedule/clean_log.js
2020-12-15 20:06:10,920 INFO 75153 [egg-schedule]: register schedule /Users/lero/Documents/My-data/BLOG/blog_service/node_modules/egg-logrotator/app/schedule/rotate_by_file.js
2020-12-15 20:38:15,239 INFO 79278 [egg-schedule]: register schedule /Users/lero/Documents/My-data/BLOG/blog_service/node_modules/egg-multipart/app/schedule/clean_tmpdir.js
2020-12-15 20:38:15,239 INFO 79278 [egg-schedule]: register schedule /Users/lero/Documents/My-data/BLOG/blog_service/node_modules/egg-logrotator/app/schedule/clean_log.js
2020-12-15 20:38:15,239 INFO 79278 [egg-schedule]: register schedule /Users/lero/Documents/My-data/BLOG/blog_service/node_modules/egg-logrotator/app/schedule/rotate_by_file.js
2020-12-15 20:54:28,494 INFO 81207 [egg-schedule]: register schedule /Users/lero/Documents/My-data/BLOG/blog_service/node_modules/egg-multipart/app/schedule/clean_tmpdir.js
2020-12-15 20:54:28,494 INFO 81207 [egg-schedule]: register schedule /Users/lero/Documents/My-data/BLOG/blog_service/node_modules/egg-logrotator/app/schedule/clean_log.js
2020-12-15 20:54:28,494 INFO 81207 [egg-schedule]: register schedule /Users/lero/Documents/My-data/BLOG/blog_service/node_modules/egg-logrotator/app/schedule/rotate_by_file.js
2020-12-15 20:54:38,567 INFO 81278 [egg-schedule]: register schedule /Users/lero/Documents/My-data/BLOG/blog_service/node_modules/egg-multipart/app/schedule/clean_tmpdir.js
2020-12-15 20:54:38,567 INFO 81278 [egg-schedule]: register schedule /Users/lero/Documents/My-data/BLOG/blog_service/node_modules/egg-logrotator/app/schedule/clean_log.js
2020-12-15 20:54:38,567 INFO 81278 [egg-schedule]: register schedule /Users/lero/Documents/My-data/BLOG/blog_service/node_modules/egg-logrotator/app/schedule/rotate_by_file.js
2020-12-15 21:08:11,696 INFO 82745 [egg-schedule]: register schedule /Users/lero/Documents/My-data/BLOG/blog_service/node_modules/egg-multipart/app/schedule/clean_tmpdir.js
2020-12-15 21:08:11,696 INFO 82745 [egg-schedule]: register schedule /Users/lero/Documents/My-data/BLOG/blog_service/node_modules/egg-logrotator/app/schedule/clean_log.js
2020-12-15 21:08:11,696 INFO 82745 [egg-schedule]: register schedule /Users/lero/Documents/My-data/BLOG/blog_service/node_modules/egg-logrotator/app/schedule/rotate_by_file.js
2020-12-15 21:08:12,109 INFO 82743 [Timer] /Users/lero/Documents/My-data/BLOG/blog_service/node_modules/egg-multipart/app/schedule/clean_tmpdir.js next time will execute after 26507893ms at 2020-12-16 04:30:00.002
2020-12-15 21:08:12,109 INFO 82743 [Timer] /Users/lero/Documents/My-data/BLOG/blog_service/node_modules/egg-logrotator/app/schedule/clean_log.js next time will execute after 10307891ms at 2020-12-16 00:00:00.000
2020-12-15 21:08:12,110 INFO 82743 [Timer] /Users/lero/Documents/My-data/BLOG/blog_service/node_modules/egg-logrotator/app/schedule/rotate_by_file.js next time will execute after 10308890ms at 2020-12-16 00:00:01.000
2020-12-15 21:15:32,357 INFO 83570 [egg-schedule]: register schedule /Users/lero/Documents/My-data/BLOG/blog_service/node_modules/egg-multipart/app/schedule/clean_tmpdir.js
2020-12-15 21:15:32,357 INFO 83570 [egg-schedule]: register schedule /Users/lero/Documents/My-data/BLOG/blog_service/node_modules/egg-logrotator/app/schedule/clean_log.js
2020-12-15 21:15:32,357 INFO 83570 [egg-schedule]: register schedule /Users/lero/Documents/My-data/BLOG/blog_service/node_modules/egg-logrotator/app/schedule/rotate_by_file.js
2020-12-15 21:15:41,921 INFO 83633 [egg-schedule]: register schedule /Users/lero/Documents/My-data/BLOG/blog_service/node_modules/egg-multipart/app/schedule/clean_tmpdir.js
2020-12-15 21:15:41,921 INFO 83633 [egg-schedule]: register schedule /Users/lero/Documents/My-data/BLOG/blog_service/node_modules/egg-logrotator/app/schedule/clean_log.js
2020-12-15 21:15:41,921 INFO 83633 [egg-schedule]: register schedule /Users/lero/Documents/My-data/BLOG/blog_service/node_modules/egg-logrotator/app/schedule/rotate_by_file.js
2020-12-15 21:22:31,197 INFO 84338 [egg-schedule]: register schedule /Users/lero/Documents/My-data/BLOG/blog_service/node_modules/egg-multipart/app/schedule/clean_tmpdir.js
2020-12-15 21:22:31,197 INFO 84338 [egg-schedule]: register schedule /Users/lero/Documents/My-data/BLOG/blog_service/node_modules/egg-logrotator/app/schedule/clean_log.js
2020-12-15 21:22:31,197 INFO 84338 [egg-schedule]: register schedule /Users/lero/Documents/My-data/BLOG/blog_service/node_modules/egg-logrotator/app/schedule/rotate_by_file.js
2020-12-15 21:22:53,392 INFO 84443 [egg-schedule]: register schedule /Users/lero/Documents/My-data/BLOG/blog_service/node_modules/egg-multipart/app/schedule/clean_tmpdir.js
2020-12-15 21:22:53,392 INFO 84443 [egg-schedule]: register schedule /Users/lero/Documents/My-data/BLOG/blog_service/node_modules/egg-logrotator/app/schedule/clean_log.js
2020-12-15 21:22:53,392 INFO 84443 [egg-schedule]: register schedule /Users/lero/Documents/My-data/BLOG/blog_service/node_modules/egg-logrotator/app/schedule/rotate_by_file.js
2020-12-15 21:22:54,202 INFO 84442 [Timer] /Users/lero/Documents/My-data/BLOG/blog_service/node_modules/egg-multipart/app/schedule/clean_tmpdir.js next time will execute after 25625801ms at 2020-12-16 04:30:00.003
2020-12-15 21:22:54,202 INFO 84442 [Timer] /Users/lero/Documents/My-data/BLOG/blog_service/node_modules/egg-logrotator/app/schedule/clean_log.js next time will execute after 9425798ms at 2020-12-16 00:00:00.000
2020-12-15 21:22:54,202 INFO 84442 [Timer] /Users/lero/Documents/My-data/BLOG/blog_service/node_modules/egg-logrotator/app/schedule/rotate_by_file.js next time will execute after 9426798ms at 2020-12-16 00:00:01.000
2020-12-15 21:23:23,057 INFO 84572 [egg-schedule]: register schedule /Users/lero/Documents/My-data/BLOG/blog_service/node_modules/egg-multipart/app/schedule/clean_tmpdir.js
2020-12-15 21:23:23,057 INFO 84572 [egg-schedule]: register schedule /Users/lero/Documents/My-data/BLOG/blog_service/node_modules/egg-logrotator/app/schedule/clean_log.js
2020-12-15 21:23:23,057 INFO 84572 [egg-schedule]: register schedule /Users/lero/Documents/My-data/BLOG/blog_service/node_modules/egg-logrotator/app/schedule/rotate_by_file.js
2020-12-15 21:23:23,501 INFO 84571 [Timer] /Users/lero/Documents/My-data/BLOG/blog_service/node_modules/egg-multipart/app/schedule/clean_tmpdir.js next time will execute after 25596502ms at 2020-12-16 04:30:00.003
2020-12-15 21:23:23,501 INFO 84571 [Timer] /Users/lero/Documents/My-data/BLOG/blog_service/node_modules/egg-logrotator/app/schedule/clean_log.js next time will execute after 9396499ms at 2020-12-16 00:00:00.000
2020-12-15 21:23:23,501 INFO 84571 [Timer] /Users/lero/Documents/My-data/BLOG/blog_service/node_modules/egg-logrotator/app/schedule/rotate_by_file.js next time will execute after 9397499ms at 2020-12-16 00:00:01.000
2020-12-15 21:23:47,493 INFO 84641 [egg-schedule]: register schedule /Users/lero/Documents/My-data/BLOG/blog_service/node_modules/egg-multipart/app/schedule/clean_tmpdir.js
2020-12-15 21:23:47,493 INFO 84641 [egg-schedule]: register schedule /Users/lero/Documents/My-data/BLOG/blog_service/node_modules/egg-logrotator/app/schedule/clean_log.js
2020-12-15 21:23:47,493 INFO 84641 [egg-schedule]: register schedule /Users/lero/Documents/My-data/BLOG/blog_service/node_modules/egg-logrotator/app/schedule/rotate_by_file.js
2020-12-15 21:24:15,852 INFO 84756 [egg-schedule]: register schedule /Users/lero/Documents/My-data/BLOG/blog_service/node_modules/egg-multipart/app/schedule/clean_tmpdir.js
2020-12-15 21:24:15,852 INFO 84756 [egg-schedule]: register schedule /Users/lero/Documents/My-data/BLOG/blog_service/node_modules/egg-logrotator/app/schedule/clean_log.js
2020-12-15 21:24:15,852 INFO 84756 [egg-schedule]: register schedule /Users/lero/Documents/My-data/BLOG/blog_service/node_modules/egg-logrotator/app/schedule/rotate_by_file.js
2020-12-15 21:24:16,281 INFO 84754 [Timer] /Users/lero/Documents/My-data/BLOG/blog_service/node_modules/egg-multipart/app/schedule/clean_tmpdir.js next time will execute after 25543721ms at 2020-12-16 04:30:00.002
2020-12-15 21:24:16,281 INFO 84754 [Timer] /Users/lero/Documents/My-data/BLOG/blog_service/node_modules/egg-logrotator/app/schedule/clean_log.js next time will execute after 9343719ms at 2020-12-16 00:00:00.000
2020-12-15 21:24:16,282 INFO 84754 [Timer] /Users/lero/Documents/My-data/BLOG/blog_service/node_modules/egg-logrotator/app/schedule/rotate_by_file.js next time will execute after 9344719ms at 2020-12-16 00:00:01.001
2020-12-15 21:24:27,330 INFO 84781 [egg-schedule]: register schedule /Users/lero/Documents/My-data/BLOG/blog_service/node_modules/egg-multipart/app/schedule/clean_tmpdir.js
2020-12-15 21:24:27,330 INFO 84781 [egg-schedule]: register schedule /Users/lero/Documents/My-data/BLOG/blog_service/node_modules/egg-logrotator/app/schedule/clean_log.js
2020-12-15 21:24:27,330 INFO 84781 [egg-schedule]: register schedule /Users/lero/Documents/My-data/BLOG/blog_service/node_modules/egg-logrotator/app/schedule/rotate_by_file.js
2020-12-15 21:24:36,718 INFO 84933 [egg-schedule]: register schedule /Users/lero/Documents/My-data/BLOG/blog_service/node_modules/egg-multipart/app/schedule/clean_tmpdir.js
2020-12-15 21:24:36,718 INFO 84933 [egg-schedule]: register schedule /Users/lero/Documents/My-data/BLOG/blog_service/node_modules/egg-logrotator/app/schedule/clean_log.js
2020-12-15 21:24:36,718 INFO 84933 [egg-schedule]: register schedule /Users/lero/Documents/My-data/BLOG/blog_service/node_modules/egg-logrotator/app/schedule/rotate_by_file.js
2020-12-15 21:24:37,140 INFO 84931 [Timer] /Users/lero/Documents/My-data/BLOG/blog_service/node_modules/egg-multipart/app/schedule/clean_tmpdir.js next time will execute after 25522862ms at 2020-12-16 04:30:00.002
2020-12-15 21:24:37,141 INFO 84931 [Timer] /Users/lero/Documents/My-data/BLOG/blog_service/node_modules/egg-logrotator/app/schedule/clean_log.js next time will execute after 9322859ms at 2020-12-16 00:00:00.000
2020-12-15 21:24:37,141 INFO 84931 [Timer] /Users/lero/Documents/My-data/BLOG/blog_service/node_modules/egg-logrotator/app/schedule/rotate_by_file.js next time will execute after 9323859ms at 2020-12-16 00:00:01.000
2020-12-15 21:25:01,024 INFO 84978 [egg-schedule]: register schedule /Users/lero/Documents/My-data/BLOG/blog_service/node_modules/egg-multipart/app/schedule/clean_tmpdir.js
2020-12-15 21:25:01,024 INFO 84978 [egg-schedule]: register schedule /Users/lero/Documents/My-data/BLOG/blog_service/node_modules/egg-logrotator/app/schedule/clean_log.js
2020-12-15 21:25:01,024 INFO 84978 [egg-schedule]: register schedule /Users/lero/Documents/My-data/BLOG/blog_service/node_modules/egg-logrotator/app/schedule/rotate_by_file.js
2020-12-15 21:25:26,835 INFO 85086 [egg-schedule]: register schedule /Users/lero/Documents/My-data/BLOG/blog_service/node_modules/egg-multipart/app/schedule/clean_tmpdir.js
2020-12-15 21:25:26,835 INFO 85086 [egg-schedule]: register schedule /Users/lero/Documents/My-data/BLOG/blog_service/node_modules/egg-logrotator/app/schedule/clean_log.js
2020-12-15 21:25:26,835 INFO 85086 [egg-schedule]: register schedule /Users/lero/Documents/My-data/BLOG/blog_service/node_modules/egg-logrotator/app/schedule/rotate_by_file.js
2020-12-15 21:25:27,280 INFO 85084 [Timer] /Users/lero/Documents/My-data/BLOG/blog_service/node_modules/egg-multipart/app/schedule/clean_tmpdir.js next time will execute after 25472722ms at 2020-12-16 04:30:00.002
2020-12-15 21:25:27,280 INFO 85084 [Timer] /Users/lero/Documents/My-data/BLOG/blog_service/node_modules/egg-logrotator/app/schedule/clean_log.js next time will execute after 9272720ms at 2020-12-16 00:00:00.000
2020-12-15 21:25:27,281 INFO 85084 [Timer] /Users/lero/Documents/My-data/BLOG/blog_service/node_modules/egg-logrotator/app/schedule/rotate_by_file.js next time will execute after 9273720ms at 2020-12-16 00:00:01.001
2020-12-15 21:25:56,849 INFO 85158 [egg-schedule]: register schedule /Users/lero/Documents/My-data/BLOG/blog_service/node_modules/egg-multipart/app/schedule/clean_tmpdir.js
2020-12-15 21:25:56,849 INFO 85158 [egg-schedule]: register schedule /Users/lero/Documents/My-data/BLOG/blog_service/node_modules/egg-logrotator/app/schedule/clean_log.js
2020-12-15 21:25:56,849 INFO 85158 [egg-schedule]: register schedule /Users/lero/Documents/My-data/BLOG/blog_service/node_modules/egg-logrotator/app/schedule/rotate_by_file.js
2020-12-15 21:27:35,965 INFO 85423 [egg-schedule]: register schedule /Users/lero/Documents/My-data/BLOG/blog_service/node_modules/egg-multipart/app/schedule/clean_tmpdir.js
2020-12-15 21:27:35,965 INFO 85423 [egg-schedule]: register schedule /Users/lero/Documents/My-data/BLOG/blog_service/node_modules/egg-logrotator/app/schedule/clean_log.js
2020-12-15 21:27:35,965 INFO 85423 [egg-schedule]: register schedule /Users/lero/Documents/My-data/BLOG/blog_service/node_modules/egg-logrotator/app/schedule/rotate_by_file.js
2020-12-15 21:27:47,794 INFO 85488 [egg-schedule]: register schedule /Users/lero/Documents/My-data/BLOG/blog_service/node_modules/egg-multipart/app/schedule/clean_tmpdir.js
2020-12-15 21:27:47,794 INFO 85488 [egg-schedule]: register schedule /Users/lero/Documents/My-data/BLOG/blog_service/node_modules/egg-logrotator/app/schedule/clean_log.js
2020-12-15 21:27:47,794 INFO 85488 [egg-schedule]: register schedule /Users/lero/Documents/My-data/BLOG/blog_service/node_modules/egg-logrotator/app/schedule/rotate_by_file.js
2020-12-15 21:27:55,050 INFO 85529 [egg-schedule]: register schedule /Users/lero/Documents/My-data/BLOG/blog_service/node_modules/egg-multipart/app/schedule/clean_tmpdir.js
2020-12-15 21:27:55,050 INFO 85529 [egg-schedule]: register schedule /Users/lero/Documents/My-data/BLOG/blog_service/node_modules/egg-logrotator/app/schedule/clean_log.js
2020-12-15 21:27:55,050 INFO 85529 [egg-schedule]: register schedule /Users/lero/Documents/My-data/BLOG/blog_service/node_modules/egg-logrotator/app/schedule/rotate_by_file.js
2020-12-15 21:28:53,044 INFO 85643 [egg-schedule]: register schedule /Users/lero/Documents/My-data/BLOG/blog_service/node_modules/egg-multipart/app/schedule/clean_tmpdir.js
2020-12-15 21:28:53,044 INFO 85643 [egg-schedule]: register schedule /Users/lero/Documents/My-data/BLOG/blog_service/node_modules/egg-logrotator/app/schedule/clean_log.js
2020-12-15 21:28:53,044 INFO 85643 [egg-schedule]: register schedule /Users/lero/Documents/My-data/BLOG/blog_service/node_modules/egg-logrotator/app/schedule/rotate_by_file.js
2020-12-15 21:34:59,210 INFO 86409 [egg-schedule]: register schedule /Users/lero/Documents/My-data/BLOG/blog_service/node_modules/egg-multipart/app/schedule/clean_tmpdir.js
2020-12-15 21:34:59,210 INFO 86409 [egg-schedule]: register schedule /Users/lero/Documents/My-data/BLOG/blog_service/node_modules/egg-logrotator/app/schedule/clean_log.js
2020-12-15 21:34:59,210 INFO 86409 [egg-schedule]: register schedule /Users/lero/Documents/My-data/BLOG/blog_service/node_modules/egg-logrotator/app/schedule/rotate_by_file.js
2020-12-15 21:35:11,992 INFO 86446 [egg-schedule]: register schedule /Users/lero/Documents/My-data/BLOG/blog_service/node_modules/egg-multipart/app/schedule/clean_tmpdir.js
2020-12-15 21:35:11,992 INFO 86446 [egg-schedule]: register schedule /Users/lero/Documents/My-data/BLOG/blog_service/node_modules/egg-logrotator/app/schedule/clean_log.js
2020-12-15 21:35:11,992 INFO 86446 [egg-schedule]: register schedule /Users/lero/Documents/My-data/BLOG/blog_service/node_modules/egg-logrotator/app/schedule/rotate_by_file.js
2020-12-15 21:36:44,842 INFO 86617 [egg-schedule]: register schedule /Users/lero/Documents/My-data/BLOG/blog_service/node_modules/egg-multipart/app/schedule/clean_tmpdir.js
2020-12-15 21:36:44,842 INFO 86617 [egg-schedule]: register schedule /Users/lero/Documents/My-data/BLOG/blog_service/node_modules/egg-logrotator/app/schedule/clean_log.js
2020-12-15 21:36:44,842 INFO 86617 [egg-schedule]: register schedule /Users/lero/Documents/My-data/BLOG/blog_service/node_modules/egg-logrotator/app/schedule/rotate_by_file.js
2020-12-15 21:37:35,959 INFO 86719 [egg-schedule]: register schedule /Users/lero/Documents/My-data/BLOG/blog_service/node_modules/egg-multipart/app/schedule/clean_tmpdir.js
2020-12-15 21:37:35,959 INFO 86719 [egg-schedule]: register schedule /Users/lero/Documents/My-data/BLOG/blog_service/node_modules/egg-logrotator/app/schedule/clean_log.js
2020-12-15 21:37:35,959 INFO 86719 [egg-schedule]: register schedule /Users/lero/Documents/My-data/BLOG/blog_service/node_modules/egg-logrotator/app/schedule/rotate_by_file.js
2020-12-15 21:38:00,865 INFO 86827 [egg-schedule]: register schedule /Users/lero/Documents/My-data/BLOG/blog_service/node_modules/egg-multipart/app/schedule/clean_tmpdir.js
2020-12-15 21:38:00,865 INFO 86827 [egg-schedule]: register schedule /Users/lero/Documents/My-data/BLOG/blog_service/node_modules/egg-logrotator/app/schedule/clean_log.js
2020-12-15 21:38:00,865 INFO 86827 [egg-schedule]: register schedule /Users/lero/Documents/My-data/BLOG/blog_service/node_modules/egg-logrotator/app/schedule/rotate_by_file.js
2020-12-15 21:38:01,287 INFO 86826 [Timer] /Users/lero/Documents/My-data/BLOG/blog_service/node_modules/egg-multipart/app/schedule/clean_tmpdir.js next time will execute after 24718715ms at 2020-12-16 04:30:00.002
2020-12-15 21:38:01,288 INFO 86826 [Timer] /Users/lero/Documents/My-data/BLOG/blog_service/node_modules/egg-logrotator/app/schedule/clean_log.js next time will execute after 8518713ms at 2020-12-16 00:00:00.001
2020-12-15 21:38:01,288 INFO 86826 [Timer] /Users/lero/Documents/My-data/BLOG/blog_service/node_modules/egg-logrotator/app/schedule/rotate_by_file.js next time will execute after 8519712ms at 2020-12-16 00:00:01.000
2020-12-15 21:41:19,351 INFO 87128 [egg-schedule]: register schedule /Users/lero/Documents/My-data/BLOG/blog_service/node_modules/egg-multipart/app/schedule/clean_tmpdir.js
2020-12-15 21:41:19,351 INFO 87128 [egg-schedule]: register schedule /Users/lero/Documents/My-data/BLOG/blog_service/node_modules/egg-logrotator/app/schedule/clean_log.js
2020-12-15 21:41:19,351 INFO 87128 [egg-schedule]: register schedule /Users/lero/Documents/My-data/BLOG/blog_service/node_modules/egg-logrotator/app/schedule/rotate_by_file.js
2020-12-15 21:41:45,008 INFO 87200 [egg-schedule]: register schedule /Users/lero/Documents/My-data/BLOG/blog_service/node_modules/egg-multipart/app/schedule/clean_tmpdir.js
2020-12-15 21:41:45,008 INFO 87200 [egg-schedule]: register schedule /Users/lero/Documents/My-data/BLOG/blog_service/node_modules/egg-logrotator/app/schedule/clean_log.js
2020-12-15 21:41:45,008 INFO 87200 [egg-schedule]: register schedule /Users/lero/Documents/My-data/BLOG/blog_service/node_modules/egg-logrotator/app/schedule/rotate_by_file.js
2020-12-15 21:42:03,586 INFO 87255 [egg-schedule]: register schedule /Users/lero/Documents/My-data/BLOG/blog_service/node_modules/egg-multipart/app/schedule/clean_tmpdir.js
2020-12-15 21:42:03,586 INFO 87255 [egg-schedule]: register schedule /Users/lero/Documents/My-data/BLOG/blog_service/node_modules/egg-logrotator/app/schedule/clean_log.js
2020-12-15 21:42:03,586 INFO 87255 [egg-schedule]: register schedule /Users/lero/Documents/My-data/BLOG/blog_service/node_modules/egg-logrotator/app/schedule/rotate_by_file.js
2020-12-15 21:42:13,883 INFO 87274 [egg-schedule]: register schedule /Users/lero/Documents/My-data/BLOG/blog_service/node_modules/egg-multipart/app/schedule/clean_tmpdir.js
2020-12-15 21:42:13,883 INFO 87274 [egg-schedule]: register schedule /Users/lero/Documents/My-data/BLOG/blog_service/node_modules/egg-logrotator/app/schedule/clean_log.js
2020-12-15 21:42:13,883 INFO 87274 [egg-schedule]: register schedule /Users/lero/Documents/My-data/BLOG/blog_service/node_modules/egg-logrotator/app/schedule/rotate_by_file.js
2020-12-16 14:31:50,505 INFO 81049 [egg-schedule]: register schedule /Users/lero/Documents/My-data/BLOG/blog_service/node_modules/egg-multipart/app/schedule/clean_tmpdir.js
2020-12-16 14:31:50,506 INFO 81049 [egg-schedule]: register schedule /Users/lero/Documents/My-data/BLOG/blog_service/node_modules/egg-logrotator/app/schedule/clean_log.js
2020-12-16 14:31:50,506 INFO 81049 [egg-schedule]: register schedule /Users/lero/Documents/My-data/BLOG/blog_service/node_modules/egg-logrotator/app/schedule/rotate_by_file.js
2020-12-16 14:31:51,119 INFO 81045 [Timer] /Users/lero/Documents/My-data/BLOG/blog_service/node_modules/egg-multipart/app/schedule/clean_tmpdir.js next time will execute after 50288883ms at 2020-12-17 04:30:00.002
2020-12-16 14:31:51,120 INFO 81045 [Timer] /Users/lero/Documents/My-data/BLOG/blog_service/node_modules/egg-logrotator/app/schedule/clean_log.js next time will execute after 34088880ms at 2020-12-17 00:00:00.000
2020-12-16 14:31:51,120 INFO 81045 [Timer] /Users/lero/Documents/My-data/BLOG/blog_service/node_modules/egg-logrotator/app/schedule/rotate_by_file.js next time will execute after 34089880ms at 2020-12-17 00:00:01.000
2020-12-16 14:34:12,603 INFO 81347 [egg-schedule]: register schedule /Users/lero/Documents/My-data/BLOG/blog_service/node_modules/egg-multipart/app/schedule/clean_tmpdir.js
2020-12-16 14:34:12,603 INFO 81347 [egg-schedule]: register schedule /Users/lero/Documents/My-data/BLOG/blog_service/node_modules/egg-logrotator/app/schedule/clean_log.js
2020-12-16 14:34:12,603 INFO 81347 [egg-schedule]: register schedule /Users/lero/Documents/My-data/BLOG/blog_service/node_modules/egg-logrotator/app/schedule/rotate_by_file.js
2020-12-16 14:34:25,995 INFO 81388 [egg-schedule]: register schedule /Users/lero/Documents/My-data/BLOG/blog_service/node_modules/egg-multipart/app/schedule/clean_tmpdir.js
2020-12-16 14:34:25,995 INFO 81388 [egg-schedule]: register schedule /Users/lero/Documents/My-data/BLOG/blog_service/node_modules/egg-logrotator/app/schedule/clean_log.js
2020-12-16 14:34:25,995 INFO 81388 [egg-schedule]: register schedule /Users/lero/Documents/My-data/BLOG/blog_service/node_modules/egg-logrotator/app/schedule/rotate_by_file.js
2020-12-16 14:34:45,354 INFO 81477 [egg-schedule]: register schedule /Users/lero/Documents/My-data/BLOG/blog_service/node_modules/egg-multipart/app/schedule/clean_tmpdir.js
2020-12-16 14:34:45,354 INFO 81477 [egg-schedule]: register schedule /Users/lero/Documents/My-data/BLOG/blog_service/node_modules/egg-logrotator/app/schedule/clean_log.js
2020-12-16 14:34:45,354 INFO 81477 [egg-schedule]: register schedule /Users/lero/Documents/My-data/BLOG/blog_service/node_modules/egg-logrotator/app/schedule/rotate_by_file.js
2020-12-16 14:35:03,279 INFO 81515 [egg-schedule]: register schedule /Users/lero/Documents/My-data/BLOG/blog_service/node_modules/egg-multipart/app/schedule/clean_tmpdir.js
2020-12-16 14:35:03,279 INFO 81515 [egg-schedule]: register schedule /Users/lero/Documents/My-data/BLOG/blog_service/node_modules/egg-logrotator/app/schedule/clean_log.js
2020-12-16 14:35:03,279 INFO 81515 [egg-schedule]: register schedule /Users/lero/Documents/My-data/BLOG/blog_service/node_modules/egg-logrotator/app/schedule/rotate_by_file.js
2020-12-16 14:35:44,494 INFO 81628 [egg-schedule]: register schedule /Users/lero/Documents/My-data/BLOG/blog_service/node_modules/egg-multipart/app/schedule/clean_tmpdir.js
2020-12-16 14:35:44,494 INFO 81628 [egg-schedule]: register schedule /Users/lero/Documents/My-data/BLOG/blog_service/node_modules/egg-logrotator/app/schedule/clean_log.js
2020-12-16 14:35:44,494 INFO 81628 [egg-schedule]: register schedule /Users/lero/Documents/My-data/BLOG/blog_service/node_modules/egg-logrotator/app/schedule/rotate_by_file.js
2020-12-16 14:36:35,130 INFO 81795 [egg-schedule]: register schedule /Users/lero/Documents/My-data/BLOG/blog_service/node_modules/egg-multipart/app/schedule/clean_tmpdir.js
2020-12-16 14:36:35,130 INFO 81795 [egg-schedule]: register schedule /Users/lero/Documents/My-data/BLOG/blog_service/node_modules/egg-logrotator/app/schedule/clean_log.js
2020-12-16 14:36:35,130 INFO 81795 [egg-schedule]: register schedule /Users/lero/Documents/My-data/BLOG/blog_service/node_modules/egg-logrotator/app/schedule/rotate_by_file.js
2020-12-16 14:36:52,563 INFO 81879 [egg-schedule]: register schedule /Users/lero/Documents/My-data/BLOG/blog_service/node_modules/egg-multipart/app/schedule/clean_tmpdir.js
2020-12-16 14:36:52,563 INFO 81879 [egg-schedule]: register schedule /Users/lero/Documents/My-data/BLOG/blog_service/node_modules/egg-logrotator/app/schedule/clean_log.js
2020-12-16 14:36:52,563 INFO 81879 [egg-schedule]: register schedule /Users/lero/Documents/My-data/BLOG/blog_service/node_modules/egg-logrotator/app/schedule/rotate_by_file.js
2020-12-16 14:37:27,155 INFO 81951 [egg-schedule]: register schedule /Users/lero/Documents/My-data/BLOG/blog_service/node_modules/egg-multipart/app/schedule/clean_tmpdir.js
2020-12-16 14:37:27,155 INFO 81951 [egg-schedule]: register schedule /Users/lero/Documents/My-data/BLOG/blog_service/node_modules/egg-logrotator/app/schedule/clean_log.js
2020-12-16 14:37:27,155 INFO 81951 [egg-schedule]: register schedule /Users/lero/Documents/My-data/BLOG/blog_service/node_modules/egg-logrotator/app/schedule/rotate_by_file.js
2020-12-16 14:38:09,147 INFO 82020 [egg-schedule]: register schedule /Users/lero/Documents/My-data/BLOG/blog_service/node_modules/egg-multipart/app/schedule/clean_tmpdir.js
2020-12-16 14:38:09,147 INFO 82020 [egg-schedule]: register schedule /Users/lero/Documents/My-data/BLOG/blog_service/node_modules/egg-logrotator/app/schedule/clean_log.js
2020-12-16 14:38:09,147 INFO 82020 [egg-schedule]: register schedule /Users/lero/Documents/My-data/BLOG/blog_service/node_modules/egg-logrotator/app/schedule/rotate_by_file.js
2020-12-16 14:40:34,018 INFO 82463 [egg-schedule]: register schedule /Users/lero/Documents/My-data/BLOG/blog_service/node_modules/egg-multipart/app/schedule/clean_tmpdir.js
2020-12-16 14:40:34,018 INFO 82463 [egg-schedule]: register schedule /Users/lero/Documents/My-data/BLOG/blog_service/node_modules/egg-logrotator/app/schedule/clean_log.js
2020-12-16 14:40:34,018 INFO 82463 [egg-schedule]: register schedule /Users/lero/Documents/My-data/BLOG/blog_service/node_modules/egg-logrotator/app/schedule/rotate_by_file.js
2020-12-16 14:42:51,057 INFO 82787 [egg-schedule]: register schedule /Users/lero/Documents/My-data/BLOG/blog_service/node_modules/egg-multipart/app/schedule/clean_tmpdir.js
2020-12-16 14:42:51,057 INFO 82787 [egg-schedule]: register schedule /Users/lero/Documents/My-data/BLOG/blog_service/node_modules/egg-logrotator/app/schedule/clean_log.js
2020-12-16 14:42:51,057 INFO 82787 [egg-schedule]: register schedule /Users/lero/Documents/My-data/BLOG/blog_service/node_modules/egg-logrotator/app/schedule/rotate_by_file.js
2020-12-16 14:47:10,290 INFO 83277 [egg-schedule]: register schedule /Users/lero/Documents/My-data/BLOG/blog_service/node_modules/egg-multipart/app/schedule/clean_tmpdir.js
2020-12-16 14:47:10,290 INFO 83277 [egg-schedule]: register schedule /Users/lero/Documents/My-data/BLOG/blog_service/node_modules/egg-logrotator/app/schedule/clean_log.js
2020-12-16 14:47:10,290 INFO 83277 [egg-schedule]: register schedule /Users/lero/Documents/My-data/BLOG/blog_service/node_modules/egg-logrotator/app/schedule/rotate_by_file.js
2020-12-16 14:49:10,094 INFO 83533 [egg-schedule]: register schedule /Users/lero/Documents/My-data/BLOG/blog_service/node_modules/egg-multipart/app/schedule/clean_tmpdir.js
2020-12-16 14:49:10,094 INFO 83533 [egg-schedule]: register schedule /Users/lero/Documents/My-data/BLOG/blog_service/node_modules/egg-logrotator/app/schedule/clean_log.js
2020-12-16 14:49:10,094 INFO 83533 [egg-schedule]: register schedule /Users/lero/Documents/My-data/BLOG/blog_service/node_modules/egg-logrotator/app/schedule/rotate_by_file.js
2020-12-16 14:49:11,018 INFO 83532 [Timer] /Users/lero/Documents/My-data/BLOG/blog_service/node_modules/egg-multipart/app/schedule/clean_tmpdir.js next time will execute after 49248984ms at 2020-12-17 04:30:00.002
2020-12-16 14:49:11,019 INFO 83532 [Timer] /Users/lero/Documents/My-data/BLOG/blog_service/node_modules/egg-logrotator/app/schedule/clean_log.js next time will execute after 33048982ms at 2020-12-17 00:00:00.001
2020-12-16 14:49:11,019 INFO 83532 [Timer] /Users/lero/Documents/My-data/BLOG/blog_service/node_modules/egg-logrotator/app/schedule/rotate_by_file.js next time will execute after 33049981ms at 2020-12-17 00:00:01.000
2020-12-16 14:50:31,403 INFO 83641 [egg-schedule]: register schedule /Users/lero/Documents/My-data/BLOG/blog_service/node_modules/egg-multipart/app/schedule/clean_tmpdir.js
2020-12-16 14:50:31,403 INFO 83641 [egg-schedule]: register schedule /Users/lero/Documents/My-data/BLOG/blog_service/node_modules/egg-logrotator/app/schedule/clean_log.js
2020-12-16 14:50:31,403 INFO 83641 [egg-schedule]: register schedule /Users/lero/Documents/My-data/BLOG/blog_service/node_modules/egg-logrotator/app/schedule/rotate_by_file.js
2020-12-16 14:52:40,594 INFO 83886 [egg-schedule]: register schedule /Users/lero/Documents/My-data/BLOG/blog_service/node_modules/egg-multipart/app/schedule/clean_tmpdir.js
2020-12-16 14:52:40,594 INFO 83886 [egg-schedule]: register schedule /Users/lero/Documents/My-data/BLOG/blog_service/node_modules/egg-logrotator/app/schedule/clean_log.js
2020-12-16 14:52:40,594 INFO 83886 [egg-schedule]: register schedule /Users/lero/Documents/My-data/BLOG/blog_service/node_modules/egg-logrotator/app/schedule/rotate_by_file.js
2020-12-16 14:53:15,252 INFO 83947 [egg-schedule]: register schedule /Users/lero/Documents/My-data/BLOG/blog_service/node_modules/egg-multipart/app/schedule/clean_tmpdir.js
2020-12-16 14:53:15,252 INFO 83947 [egg-schedule]: register schedule /Users/lero/Documents/My-data/BLOG/blog_service/node_modules/egg-logrotator/app/schedule/clean_log.js
2020-12-16 14:53:15,252 INFO 83947 [egg-schedule]: register schedule /Users/lero/Documents/My-data/BLOG/blog_service/node_modules/egg-logrotator/app/schedule/rotate_by_file.js
